2025-10-21 13:38:37,439 - INFO - Starting REST API to CSV Exporter for Consensus API
2025-10-21 13:38:37,440 - INFO - Fetching data from 2025-04-01 to 2025-10-21
2025-10-21 13:38:37,441 - INFO - Using page limit: 500, page number: 1
2025-10-21 13:38:37,441 - INFO - Making POST request to Consensus API for date range: 2025-04-01 to 2025-10-21
2025-10-21 13:38:37,441 - INFO - Requesting page 1 with limit 500
2025-10-21 13:38:37,866 - ERROR - Consensus API request failed: HTTPSConnectionPool(host='app.goconsensus.com', port=443): Max retries exceeded with url: /api/reports/v1.0/trackDemoBoards (Caused by SSLError(SSLCertVerificationError(1, '[SSL: CERTIFICATE_VERIFY_FAILED] certificate verify failed: unable to get local issuer certificate (_ssl.c:1077)')))
2025-10-21 13:38:37,870 - ERROR - Failed to fetch data from Consensus API
2025-10-21 13:38:58,074 - INFO - Starting REST API to CSV Exporter for Consensus API
2025-10-21 13:38:58,075 - INFO - Fetching data from 2025-04-01 to 2025-10-21
2025-10-21 13:38:58,075 - INFO - Using page limit: 500, page number: 1
2025-10-21 13:38:58,075 - INFO - Making POST request to Consensus API for date range: 2025-04-01 to 2025-10-21
2025-10-21 13:38:58,076 - INFO - Requesting page 1 with limit 500
2025-10-21 13:38:58,488 - ERROR - Consensus API request failed: HTTPSConnectionPool(host='app.goconsensus.com', port=443): Max retries exceeded with url: /api/reports/v1.0/trackDemoBoards (Caused by SSLError(SSLCertVerificationError(1, '[SSL: CERTIFICATE_VERIFY_FAILED] certificate verify failed: unable to get local issuer certificate (_ssl.c:1077)')))
2025-10-21 13:38:58,489 - ERROR - Failed to fetch data from Consensus API
2025-10-21 13:39:45,849 - INFO - Starting REST API to CSV Exporter for Consensus API
2025-10-21 13:39:45,850 - INFO - Fetching data from 2025-04-01 to 2025-10-21
2025-10-21 13:39:45,850 - INFO - Using page limit: 500, page number: 1
2025-10-21 13:39:45,850 - INFO - Making POST request to Consensus API for date range: 2025-04-01 to 2025-10-21
2025-10-21 13:39:45,851 - INFO - Requesting page 1 with limit 500
2025-10-21 13:39:46,255 - ERROR - Consensus API request failed: HTTPSConnectionPool(host='app.goconsensus.com', port=443): Max retries exceeded with url: /api/reports/v1.0/trackDemoBoards (Caused by SSLError(SSLCertVerificationError(1, '[SSL: CERTIFICATE_VERIFY_FAILED] certificate verify failed: unable to get local issuer certificate (_ssl.c:1077)')))
2025-10-21 13:39:46,255 - ERROR - Failed to fetch data from Consensus API
2025-10-21 13:40:22,732 - INFO - Starting REST API to CSV Exporter for Consensus API
2025-10-21 13:40:22,733 - INFO - Fetching data from 2025-04-01 to 2025-10-21
2025-10-21 13:40:22,734 - INFO - Using page limit: 500, page number: 1
2025-10-21 13:40:22,734 - INFO - Making POST request to Consensus API for date range: 2025-04-01 to 2025-10-21
2025-10-21 13:40:22,734 - INFO - Requesting page 1 with limit 500
2025-10-21 13:40:41,687 - INFO - Successfully retrieved data from Consensus API
2025-10-21 13:40:41,688 - ERROR - Error processing Consensus API data: 'str' object has no attribute 'get'
2025-10-21 13:40:41,690 - WARNING - No data to export
2025-10-21 13:41:15,508 - INFO - Starting REST API to CSV Exporter for Consensus API
2025-10-21 13:41:15,509 - INFO - Fetching data from 2025-04-01 to 2025-10-21
2025-10-21 13:41:15,509 - INFO - Using page limit: 500, page number: 1
2025-10-21 13:41:15,509 - INFO - Making POST request to Consensus API for date range: 2025-04-01 to 2025-10-21
2025-10-21 13:41:15,509 - INFO - Requesting page 1 with limit 500
2025-10-21 13:41:34,921 - INFO - Raw response status: 200
2025-10-21 13:41:34,921 - INFO - Raw response content type: application/json
2025-10-21 13:41:34,922 - INFO - Raw response text (first 500 chars): {"status":200,"data":{"items":[{"senddemoUuid":"19b54668-1b1f-4f12-a7a6-fb13e3150e75","senddemoHash":"b8b14cce4","isTest":false,"demoUuid":"b19281e4-040c-4e02-86d9-4dd5d3b40e07","parentDemoUuid":"","demoUuids":["b19281e4-040c-4e02-86d9-4dd5d3b40e07"],"parentDemoUuids":[],"demoboardName":"Test 1","organization":"Test 1","opportunity":"","viewCount":0,"viewTime":0,"ownerUuid":"aa3b29d8-f260-4883-99a1-a0cec88465ff","ownerName":"Damien Walsh","ownerFirstName":"Damien","ownerLastName":"Walsh","totalH
2025-10-21 13:41:34,933 - INFO - Successfully retrieved data from Consensus API
2025-10-21 13:41:34,933 - INFO - Data type: <class 'dict'>
2025-10-21 13:41:34,935 - ERROR - Error processing Consensus API data: 'str' object has no attribute 'get'
2025-10-21 13:41:34,938 - WARNING - No data to export
2025-10-21 13:42:01,069 - INFO - Starting REST API to CSV Exporter for Consensus API
2025-10-21 13:42:01,070 - INFO - Fetching data from 2025-04-01 to 2025-10-21
2025-10-21 13:42:01,071 - INFO - Using page limit: 500, page number: 1
2025-10-21 13:42:01,071 - INFO - Making POST request to Consensus API for date range: 2025-04-01 to 2025-10-21
2025-10-21 13:42:01,071 - INFO - Requesting page 1 with limit 500
2025-10-21 13:42:19,051 - INFO - Successfully retrieved data from Consensus API
2025-10-21 13:42:19,052 - INFO - Extracted 500 items from API response
2025-10-21 13:42:19,069 - INFO - Processed 999 rows and 20 columns from Consensus API
2025-10-21 13:42:19,071 - INFO - Full data summary: {'rows': 999, 'columns': 20, 'column_names': ['senddemoUuid', 'senddemoHash', 'demoboardName', 'organization', 'viewTime', 'externalAccountId', 'externalOpportunityId', 'externalAccountName', 'externalOpportunityName', 'demoUuids', 'inviteName', 'inviteEmail', 'inviteViews', 'inviteTotalDuration', 'inviteStatus', 'viewDate', 'demoTitle', 'viewDuration', 'viewId', 'specificDemoUuid'], 'data_types': {'senddemoUuid': dtype('O'), 'senddemoHash': dtype('O'), 'demoboardName': dtype('O'), 'organization': dtype('O'), 'viewTime': dtype('float64'), 'externalAccountId': dtype('O'), 'externalOpportunityId': dtype('O'), 'externalAccountName': dtype('O'), 'externalOpportunityName': dtype('O'), 'demoUuids': dtype('O'), 'inviteName': dtype('O'), 'inviteEmail': dtype('O'), 'inviteViews': dtype('float64'), 'inviteTotalDuration': dtype('float64'), 'inviteStatus': dtype('O'), 'viewDate': dtype('O'), 'demoTitle': dtype('O'), 'viewDuration': dtype('float64'), 'viewId': dtype('O'), 'specificDemoUuid': dtype('O')}, 'null_counts': {'senddemoUuid': 0, 'senddemoHash': 0, 'demoboardName': 0, 'organization': 0, 'viewTime': 0, 'externalAccountId': 0, 'externalOpportunityId': 0, 'externalAccountName': 0, 'externalOpportunityName': 0, 'demoUuids': 0, 'inviteName': 500, 'inviteEmail': 500, 'inviteViews': 500, 'inviteTotalDuration': 500, 'inviteStatus': 500, 'viewDate': 500, 'demoTitle': 500, 'viewDuration': 500, 'viewId': 500, 'specificDemoUuid': 500}}
2025-10-21 13:42:19,074 - INFO - Created summary with 500 unique demoboards
2025-10-21 13:42:19,088 - INFO - Data exported successfully to: output/consensus_full_data_20251021_134219.csv
2025-10-21 13:42:19,093 - INFO - Data exported successfully to: output/consensus_summary_20251021_134219.csv
2025-10-21 13:42:19,094 - INFO - Application completed successfully
2025-10-21 13:42:19,095 - INFO - Full data exported to: output/consensus_full_data_20251021_134219.csv
2025-10-21 13:42:19,095 - INFO - Summary data exported to: output/consensus_summary_20251021_134219.csv
2025-10-21 13:49:21,600 - INFO - Starting REST API to CSV Exporter for Consensus API
2025-10-21 13:49:21,601 - INFO - Fetching data from 2025-04-01 to 2025-10-21
2025-10-21 13:49:21,602 - INFO - Using page limit: 500, page number: 1
2025-10-21 13:49:21,602 - INFO - Making POST request to Consensus API for date range: 2025-04-01 to 2025-10-21
2025-10-21 13:49:21,602 - INFO - Requesting page 1 with limit 500
2025-10-21 13:49:38,365 - INFO - Fetched page 1 with 915 items. Total so far: 500
2025-10-21 13:49:38,366 - INFO - Making POST request to Consensus API for date range: 2025-04-01 to 2025-10-21
2025-10-21 13:49:38,366 - INFO - Requesting page 2 with limit 500
2025-10-21 13:49:55,944 - INFO - Fetched page 2 with 915 items. Total so far: 915
2025-10-21 13:49:55,945 - ERROR - Error fetching all consensus data: '>' not supported between instances of 'NoneType' and 'int'
2025-10-21 13:49:55,987 - INFO - Processed 2282 rows and 17 columns from Consensus API
2025-10-21 13:49:55,989 - INFO - Full data summary: {'rows': 2282, 'columns': 17, 'column_names': ['senddemoUuid', 'demoboardName', 'organization', 'viewTime', 'externalAccountId', 'externalOpportunityId', 'externalAccountName', 'externalOpportunityName', 'demoUuids', 'inviteName', 'inviteEmail', 'inviteViews', 'inviteTotalDuration', 'viewDate', 'demoTitle', 'viewDuration', 'viewId'], 'data_types': {'senddemoUuid': dtype('O'), 'demoboardName': dtype('O'), 'organization': dtype('O'), 'viewTime': dtype('float64'), 'externalAccountId': dtype('O'), 'externalOpportunityId': dtype('O'), 'externalAccountName': dtype('O'), 'externalOpportunityName': dtype('O'), 'demoUuids': dtype('O'), 'inviteName': dtype('O'), 'inviteEmail': dtype('O'), 'inviteViews': dtype('float64'), 'inviteTotalDuration': dtype('float64'), 'viewDate': dtype('O'), 'demoTitle': dtype('O'), 'viewDuration': dtype('float64'), 'viewId': dtype('O')}, 'null_counts': {'senddemoUuid': 0, 'demoboardName': 0, 'organization': 0, 'viewTime': 0, 'externalAccountId': 0, 'externalOpportunityId': 0, 'externalAccountName': 0, 'externalOpportunityName': 0, 'demoUuids': 0, 'inviteName': 915, 'inviteEmail': 915, 'inviteViews': 915, 'inviteTotalDuration': 915, 'viewDate': 915, 'demoTitle': 915, 'viewDuration': 915, 'viewId': 915}}
2025-10-21 13:49:55,991 - INFO - Created summary with 915 unique demoboards
2025-10-21 13:49:56,013 - INFO - Data exported successfully to: output/consensus_full_data_20251021_134955.csv
2025-10-21 13:49:56,019 - INFO - Data exported successfully to: output/consensus_summary_20251021_134955.csv
2025-10-21 13:49:56,020 - INFO - Application completed successfully
2025-10-21 13:49:56,021 - INFO - Full data exported to: output/consensus_full_data_20251021_134955.csv
2025-10-21 13:49:56,021 - INFO - Summary data exported to: output/consensus_summary_20251021_134955.csv
2025-10-21 13:53:46,518 - INFO - Starting REST API to CSV Exporter for Consensus API
2025-10-21 13:53:46,519 - INFO - Fetching data from 2025-04-01 to 2025-10-21
2025-10-21 13:53:46,519 - INFO - Using page limit: 500, page number: 1
2025-10-21 13:53:46,520 - INFO - Making POST request to Consensus API for date range: 2025-04-01 to 2025-10-21
2025-10-21 13:53:46,520 - INFO - Requesting page 1 with limit 500
2025-10-21 13:54:08,622 - INFO - Fetched page 1 with 915 items. Total so far: 500
2025-10-21 13:54:08,623 - INFO - Making POST request to Consensus API for date range: 2025-04-01 to 2025-10-21
2025-10-21 13:54:08,624 - INFO - Requesting page 2 with limit 500
2025-10-21 13:54:27,686 - INFO - Fetched page 2 with 915 items. Total so far: 915
2025-10-21 13:54:27,686 - INFO - Reached last page. No more pages available.
2025-10-21 13:54:27,686 - INFO - Fetched total of 915 items from 2 pages
2025-10-21 13:54:27,708 - INFO - Processed 2051 rows and 9 columns from Consensus API
2025-10-21 13:54:27,710 - INFO - Full data summary: {'rows': 2051, 'columns': 9, 'column_names': ['senddemoUuid', 'demoboardName', 'organization', 'viewTime', 'externalAccountId', 'externalOpportunityId', 'externalAccountName', 'externalOpportunityName', 'demoUuids'], 'data_types': {'senddemoUuid': dtype('O'), 'demoboardName': dtype('O'), 'organization': dtype('O'), 'viewTime': dtype('float64'), 'externalAccountId': dtype('O'), 'externalOpportunityId': dtype('O'), 'externalAccountName': dtype('O'), 'externalOpportunityName': dtype('O'), 'demoUuids': dtype('O')}, 'null_counts': {'senddemoUuid': 0, 'demoboardName': 0, 'organization': 0, 'viewTime': 0, 'externalAccountId': 0, 'externalOpportunityId': 0, 'externalAccountName': 0, 'externalOpportunityName': 0, 'demoUuids': 0}}
2025-10-21 13:54:27,711 - INFO - Created summary with 2051 unique demoboards
2025-10-21 13:54:27,726 - INFO - Data exported successfully to: output/consensus_full_data_20251021_135427.csv
2025-10-21 13:54:27,733 - INFO - Data exported successfully to: output/consensus_summary_20251021_135427.csv
2025-10-21 13:54:27,735 - INFO - Application completed successfully
2025-10-21 13:54:27,737 - INFO - Full data exported to: output/consensus_full_data_20251021_135427.csv
2025-10-21 13:54:27,739 - INFO - Summary data exported to: output/consensus_summary_20251021_135427.csv
2025-10-21 14:10:08,928 - INFO - Starting REST API to CSV Exporter for Consensus API
2025-10-21 14:10:08,929 - INFO - Fetching data from 2025-04-01 to 2025-10-21
2025-10-21 14:10:08,929 - INFO - Using page limit: 500, page number: 1
2025-10-21 14:10:08,929 - INFO - Making POST request to Consensus API for date range: 2025-04-01 to 2025-10-21
2025-10-21 14:10:08,929 - INFO - Requesting page 1 with limit 500
2025-10-21 14:10:23,898 - INFO - Fetched page 1 with 915 items. Total so far: 500
2025-10-21 14:10:23,899 - INFO - Making POST request to Consensus API for date range: 2025-04-01 to 2025-10-21
2025-10-21 14:10:23,900 - INFO - Requesting page 2 with limit 500
2025-10-21 14:10:42,038 - INFO - Fetched page 2 with 915 items. Total so far: 915
2025-10-21 14:10:42,039 - INFO - Reached last page. No more pages available.
2025-10-21 14:10:42,040 - INFO - Fetched total of 915 items from 2 pages
2025-10-21 14:10:42,056 - INFO - Processed 2051 rows and 10 columns from Consensus API
2025-10-21 14:10:42,058 - INFO - Full data summary: {'rows': 2051, 'columns': 10, 'column_names': ['senddemoUuid', 'demoboardName', 'organization', 'viewTime', 'timeLastView', 'externalAccountId', 'externalOpportunityId', 'externalAccountName', 'externalOpportunityName', 'demoUuids'], 'data_types': {'senddemoUuid': dtype('O'), 'demoboardName': dtype('O'), 'organization': dtype('O'), 'viewTime': dtype('float64'), 'timeLastView': dtype('O'), 'externalAccountId': dtype('O'), 'externalOpportunityId': dtype('O'), 'externalAccountName': dtype('O'), 'externalOpportunityName': dtype('O'), 'demoUuids': dtype('O')}, 'null_counts': {'senddemoUuid': 0, 'demoboardName': 0, 'organization': 0, 'viewTime': 0, 'timeLastView': 0, 'externalAccountId': 0, 'externalOpportunityId': 0, 'externalAccountName': 0, 'externalOpportunityName': 0, 'demoUuids': 0}}
2025-10-21 14:10:42,059 - INFO - Created summary with 2051 unique demoboards
2025-10-21 14:10:42,073 - INFO - Data exported successfully to: output/consensus_full_data_20251021.csv
2025-10-21 14:10:42,087 - INFO - Data exported successfully to: output/consensus_summary_20251021.csv
2025-10-21 14:10:42,088 - INFO - Application completed successfully
2025-10-21 14:10:42,090 - INFO - Full data exported to: output/consensus_full_data_20251021.csv
2025-10-21 14:10:42,090 - INFO - Summary data exported to: output/consensus_summary_20251021.csv
2025-10-21 14:14:47,372 - INFO - Starting REST API to CSV Exporter for Consensus API
2025-10-21 14:14:47,374 - INFO - Fetching data from 2025-04-01 to 2025-10-21
2025-10-21 14:14:47,375 - INFO - Using page limit: 500, page number: 1
2025-10-21 14:14:47,375 - INFO - Making POST request to Consensus API for date range: 2025-04-01 to 2025-10-21
2025-10-21 14:14:47,375 - INFO - Requesting page 1 with limit 500
2025-10-21 14:15:24,640 - INFO - Fetched page 1 with 915 items. Total so far: 500
2025-10-21 14:15:24,640 - INFO - Making POST request to Consensus API for date range: 2025-04-01 to 2025-10-21
2025-10-21 14:15:24,640 - INFO - Requesting page 2 with limit 500
2025-10-21 14:15:58,954 - INFO - Fetched page 2 with 915 items. Total so far: 915
2025-10-21 14:15:58,956 - INFO - Reached last page. No more pages available.
2025-10-21 14:15:58,957 - INFO - Fetched total of 915 items from 2 pages
2025-10-21 14:15:58,973 - INFO - Processed 2051 rows and 10 columns from Consensus API
2025-10-21 14:15:58,976 - INFO - Full data summary: {'rows': 2051, 'columns': 10, 'column_names': ['senddemoUuid', 'demoboardName', 'organization', 'viewTime', 'timeLastView', 'externalAccountId', 'externalOpportunityId', 'externalAccountName', 'externalOpportunityName', 'demoUuids'], 'data_types': {'senddemoUuid': dtype('O'), 'demoboardName': dtype('O'), 'organization': dtype('O'), 'viewTime': dtype('float64'), 'timeLastView': dtype('O'), 'externalAccountId': dtype('O'), 'externalOpportunityId': dtype('O'), 'externalAccountName': dtype('O'), 'externalOpportunityName': dtype('O'), 'demoUuids': dtype('O')}, 'null_counts': {'senddemoUuid': 0, 'demoboardName': 0, 'organization': 0, 'viewTime': 0, 'timeLastView': 0, 'externalAccountId': 0, 'externalOpportunityId': 0, 'externalAccountName': 0, 'externalOpportunityName': 0, 'demoUuids': 0}}
2025-10-21 14:15:58,978 - INFO - Created summary with 2051 unique demoboards
2025-10-21 14:15:58,989 - INFO - Data exported successfully to: output/consensus_full_data_20251021.csv
2025-10-21 14:15:59,004 - INFO - Data exported successfully to: output/consensus_summary_20251021.csv
2025-10-21 14:15:59,007 - INFO - Application completed successfully
2025-10-21 14:15:59,007 - INFO - Full data exported to: output/consensus_full_data_20251021.csv
2025-10-21 14:15:59,007 - INFO - Summary data exported to: output/consensus_summary_20251021.csv
